<?xml version="1.0" encoding="UTF-8"?>
<testng-results ignored="0" total="1" passed="1" failed="0" skipped="0">
  <reporter-output>
  </reporter-output>
  <suite started-at="2026-05-12T18:34:16 IST" name="Default suite" finished-at="2026-05-12T18:34:25 IST" duration-ms="9356">
    <groups>
    </groups>
    <test started-at="2026-05-12T18:34:16 IST" name="Default test" finished-at="2026-05-12T18:34:25 IST" duration-ms="9356">
      <class name="Test.CheckoutStepTwoPageTest">
        <test-method is-config="true" signature="setup()[pri:0, instance:Test.CheckoutStepTwoPageTest@291ae]" started-at="2026-05-12T18:34:16 IST" name="setup" finished-at="2026-05-12T18:34:25 IST" duration-ms="8860" status="PASS">
          <reporter-output>
          </reporter-output>
        </test-method> <!-- setup -->
        <test-method signature="completeOrderTest()[pri:0, instance:Test.CheckoutStepTwoPageTest@291ae]" started-at="2026-05-12T18:34:25 IST" name="completeOrderTest" finished-at="2026-05-12T18:34:25 IST" duration-ms="461" status="PASS">
          <reporter-output>
          </reporter-output>
        </test-method> <!-- completeOrderTest -->
        <test-method is-config="true" signature="tearDown()[pri:0, instance:Test.CheckoutStepTwoPageTest@291ae]" started-at="2026-05-12T18:34:25 IST" name="tearDown" finished-at="2026-05-12T18:34:25 IST" duration-ms="0" status="PASS">
          <reporter-output>
          </reporter-output>
        </test-method> <!-- tearDown -->
      </class> <!-- Test.CheckoutStepTwoPageTest -->
    </test> <!-- Default test -->
  </suite> <!-- Default suite -->
</testng-results>
