<?xml version="1.0" encoding="UTF-8"?>
<testng-results ignored="0" total="1" passed="1" failed="0" skipped="0">
  <reporter-output>
  </reporter-output>
  <suite started-at="2026-05-07T22:05:28 IST" name="SauceDemoTestSuite" finished-at="2026-05-07T22:05:37 IST" duration-ms="9122">
    <groups>
    </groups>
    <test started-at="2026-05-07T22:05:28 IST" name="EndToEndOrderTest" finished-at="2026-05-07T22:05:37 IST" duration-ms="9122">
      <class name="Test.CheckoutStepTwoPageTest">
        <test-method is-config="true" signature="setup()[pri:0, instance:Test.CheckoutStepTwoPageTest@291ae]" started-at="2026-05-07T22:05:28 IST" name="setup" finished-at="2026-05-07T22:05:36 IST" duration-ms="7621" status="PASS">
          <reporter-output>
          </reporter-output>
        </test-method> <!-- setup -->
        <test-method signature="completeOrderTest()[pri:0, instance:Test.CheckoutStepTwoPageTest@291ae]" started-at="2026-05-07T22:05:36 IST" name="completeOrderTest" finished-at="2026-05-07T22:05:37 IST" duration-ms="1170" status="PASS">
          <reporter-output>
          </reporter-output>
        </test-method> <!-- completeOrderTest -->
        <test-method is-config="true" signature="tearDown()[pri:0, instance:Test.CheckoutStepTwoPageTest@291ae]" started-at="2026-05-07T22:05:37 IST" name="tearDown" finished-at="2026-05-07T22:05:37 IST" duration-ms="256" status="PASS">
          <reporter-output>
          </reporter-output>
        </test-method> <!-- tearDown -->
      </class> <!-- Test.CheckoutStepTwoPageTest -->
    </test> <!-- EndToEndOrderTest -->
  </suite> <!-- SauceDemoTestSuite -->
</testng-results>
